<html>
<head>
<title>TestNG:  cv-library-uk</title>
<link href="../testng.css" rel="stylesheet" type="text/css" />
<link href="../my-testng.css" rel="stylesheet" type="text/css" />

<style type="text/css">
.log { display: none;} 
.stack-trace { display: none;} 
</style>
<script type="text/javascript">
<!--
function flip(e) {
  current = e.style.display;
  if (current == 'block') {
    e.style.display = 'none';
    return 0;
  }
  else {
    e.style.display = 'block';
    return 1;
  }
}

function toggleBox(szDivId, elem, msg1, msg2)
{
  var res = -1;  if (document.getElementById) {
    res = flip(document.getElementById(szDivId));
  }
  else if (document.all) {
    // this is the way old msie versions work
    res = flip(document.all[szDivId]);
  }
  if(elem) {
    if(res == 0) elem.innerHTML = msg1; else elem.innerHTML = msg2;
  }

}

function toggleAllBoxes() {
  if (document.getElementsByTagName) {
    d = document.getElementsByTagName('div');
    for (i = 0; i < d.length; i++) {
      if (d[i].className == 'log') {
        flip(d[i]);
      }
    }
  }
}

// -->
</script>

</head>
<body>
<h2 align='center'>cv-library-uk</h2><table border='1' align="center">
<tr>
<td>Tests passed/Failed/Skipped:</td><td>3/4/0</td>
</tr><tr>
<td>Started on:</td><td>Mon May 09 15:48:33 BST 2022</td>
</tr>
<tr><td>Total time:</td><td>77 seconds (77615 ms)</td>
</tr><tr>
<td>Included groups:</td><td></td>
</tr><tr>
<td>Excluded groups:</td><td></td>
</tr>
</table><p/>
<small><i>(Hover the method name to see the test class name)</i></small><p/>
<table width='100%' border='1' class='invocation-failed'>
<tr><td colspan='4' align='center'><b>FAILED TESTS</b></td></tr>
<tr><td><b>Test method</b></td>
<td width="30%"><b>Exception</b></td>
<td width="10%"><b>Time (seconds)</b></td>
<td><b>Instance</b></td>
</tr>
<tr>
<td title='uk.co.library.testsuite.JobSearchTest.verifyJobSearchResultUsingDifferentDataSet()'><b>verifyJobSearchResultUsingDifferentDataSet</b><br>Test class: uk.co.library.testsuite.JobSearchTest<br>Parameters: Software Tester, London, up to 50 miles, 45000, 70000, Per month, Any, Software Tester jobs in London<br/>
<a href="#Output-1642356615" onClick='toggleBox("Output-1642356615", this, "Show output", "Hide output");'>Show output</a>

<a href="#Output-1642356615" onClick="toggleAllBoxes();">Show all outputs</a>
<div class='log' id="Output-1642356615">
Verify the results [[ChromeDriver: chrome on WINDOWS (601a610d15296c0db7a75fcb743b0292)] -> tag name: h1]<br><br/>
</div>
</td>
<td><div><pre>java.lang.AssertionError: expected [Software Tester jobs in London] but found [Search jobs in your area]
	at uk.co.library.testsuite.JobSearchTest.verifyJobSearchResultUsingDifferentDataSet(JobSearchTest.java:45)
	at java.util.ArrayList.forEach(ArrayList.java:1249)
	at com.intellij.rt.testng.IDEARemoteTestNG.run(IDEARemoteTestNG.java:66)
	at com.intellij.rt.testng.RemoteTestNGStarter.main(RemoteTestNGStarter.java:109)
... Removed 30 stack frames</pre></div><a href='#' onClick='toggleBox("stack-trace1642356615", this, "Click to show all stack frames", "Click to hide stack frames")'>Click to show all stack frames</a>
<div class='stack-trace' id='stack-trace1642356615'><pre>java.lang.AssertionError: expected [Software Tester jobs in London] but found [Search jobs in your area]
	at org.testng.Assert.fail(Assert.java:110)
	at org.testng.Assert.failNotEquals(Assert.java:1413)
	at org.testng.Assert.assertEqualsImpl(Assert.java:149)
	at org.testng.Assert.assertEquals(Assert.java:131)
	at org.testng.Assert.assertEquals(Assert.java:655)
	at org.testng.Assert.assertEquals(Assert.java:665)
	at uk.co.library.testsuite.JobSearchTest.verifyJobSearchResultUsingDifferentDataSet(JobSearchTest.java:45)
	at sun.reflect.NativeMethodAccessorImpl.invoke0(Native Method)
	at sun.reflect.NativeMethodAccessorImpl.invoke(NativeMethodAccessorImpl.java:62)
	at sun.reflect.DelegatingMethodAccessorImpl.invoke(DelegatingMethodAccessorImpl.java:43)
	at java.lang.reflect.Method.invoke(Method.java:498)
	at org.testng.internal.invokers.MethodInvocationHelper.invokeMethod(MethodInvocationHelper.java:135)
	at org.testng.internal.invokers.TestInvoker.invokeMethod(TestInvoker.java:673)
	at org.testng.internal.invokers.TestInvoker.invokeTestMethod(TestInvoker.java:220)
	at org.testng.internal.invokers.MethodRunner.runInSequence(MethodRunner.java:50)
	at org.testng.internal.invokers.TestInvoker$MethodInvocationAgent.invoke(TestInvoker.java:945)
	at org.testng.internal.invokers.TestInvoker.invokeTestMethods(TestInvoker.java:193)
	at org.testng.internal.invokers.TestMethodWorker.invokeTestMethods(TestMethodWorker.java:146)
	at org.testng.internal.invokers.TestMethodWorker.run(TestMethodWorker.java:128)
	at java.util.ArrayList.forEach(ArrayList.java:1249)
	at org.testng.TestRunner.privateRun(TestRunner.java:808)
	at org.testng.TestRunner.run(TestRunner.java:603)
	at org.testng.SuiteRunner.runTest(SuiteRunner.java:429)
	at org.testng.SuiteRunner.runSequentially(SuiteRunner.java:423)
	at org.testng.SuiteRunner.privateRun(SuiteRunner.java:383)
	at org.testng.SuiteRunner.run(SuiteRunner.java:326)
	at org.testng.SuiteRunnerWorker.runSuite(SuiteRunnerWorker.java:52)
	at org.testng.SuiteRunnerWorker.run(SuiteRunnerWorker.java:95)
	at org.testng.TestNG.runSuitesSequentially(TestNG.java:1249)
	at org.testng.TestNG.runSuitesLocally(TestNG.java:1169)
	at org.testng.TestNG.runSuites(TestNG.java:1092)
	at org.testng.TestNG.run(TestNG.java:1060)
	at com.intellij.rt.testng.IDEARemoteTestNG.run(IDEARemoteTestNG.java:66)
	at com.intellij.rt.testng.RemoteTestNGStarter.main(RemoteTestNGStarter.java:109)
</pre></div></td>
<td>3</td>
<td>uk.co.library.testsuite.JobSearchTest@53f65459</td></tr>
<tr>
<td title='uk.co.library.testsuite.JobSearchTest.verifyJobSearchResultUsingDifferentDataSet()'><b>verifyJobSearchResultUsingDifferentDataSet</b><br>Test class: uk.co.library.testsuite.JobSearchTest<br>Parameters: Recruitment Administrator, Norfolk, up to 75 miles, 25000, 50000, Per month, Any, Recruitment Administrator jobs in Norfolk<br/>
<a href="#Output-811792884" onClick='toggleBox("Output-811792884", this, "Show output", "Hide output");'>Show output</a>

<a href="#Output-811792884" onClick="toggleAllBoxes();">Show all outputs</a>
<div class='log' id="Output-811792884">
Verify the results [[ChromeDriver: chrome on WINDOWS (fcb25c366e14c5383a2ee99c1b176f3d)] -> tag name: h1]<br><br/>
</div>
</td>
<td><div><pre>java.lang.AssertionError: expected [Recruitment Administrator jobs in Norfolk] but found [Search jobs in your area]
	at uk.co.library.testsuite.JobSearchTest.verifyJobSearchResultUsingDifferentDataSet(JobSearchTest.java:45)
	at java.util.ArrayList.forEach(ArrayList.java:1249)
	at com.intellij.rt.testng.IDEARemoteTestNG.run(IDEARemoteTestNG.java:66)
	at com.intellij.rt.testng.RemoteTestNGStarter.main(RemoteTestNGStarter.java:109)
... Removed 30 stack frames</pre></div><a href='#' onClick='toggleBox("stack-trace811792884", this, "Click to show all stack frames", "Click to hide stack frames")'>Click to show all stack frames</a>
<div class='stack-trace' id='stack-trace811792884'><pre>java.lang.AssertionError: expected [Recruitment Administrator jobs in Norfolk] but found [Search jobs in your area]
	at org.testng.Assert.fail(Assert.java:110)
	at org.testng.Assert.failNotEquals(Assert.java:1413)
	at org.testng.Assert.assertEqualsImpl(Assert.java:149)
	at org.testng.Assert.assertEquals(Assert.java:131)
	at org.testng.Assert.assertEquals(Assert.java:655)
	at org.testng.Assert.assertEquals(Assert.java:665)
	at uk.co.library.testsuite.JobSearchTest.verifyJobSearchResultUsingDifferentDataSet(JobSearchTest.java:45)
	at sun.reflect.NativeMethodAccessorImpl.invoke0(Native Method)
	at sun.reflect.NativeMethodAccessorImpl.invoke(NativeMethodAccessorImpl.java:62)
	at sun.reflect.DelegatingMethodAccessorImpl.invoke(DelegatingMethodAccessorImpl.java:43)
	at java.lang.reflect.Method.invoke(Method.java:498)
	at org.testng.internal.invokers.MethodInvocationHelper.invokeMethod(MethodInvocationHelper.java:135)
	at org.testng.internal.invokers.TestInvoker.invokeMethod(TestInvoker.java:673)
	at org.testng.internal.invokers.TestInvoker.invokeTestMethod(TestInvoker.java:220)
	at org.testng.internal.invokers.MethodRunner.runInSequence(MethodRunner.java:50)
	at org.testng.internal.invokers.TestInvoker$MethodInvocationAgent.invoke(TestInvoker.java:945)
	at org.testng.internal.invokers.TestInvoker.invokeTestMethods(TestInvoker.java:193)
	at org.testng.internal.invokers.TestMethodWorker.invokeTestMethods(TestMethodWorker.java:146)
	at org.testng.internal.invokers.TestMethodWorker.run(TestMethodWorker.java:128)
	at java.util.ArrayList.forEach(ArrayList.java:1249)
	at org.testng.TestRunner.privateRun(TestRunner.java:808)
	at org.testng.TestRunner.run(TestRunner.java:603)
	at org.testng.SuiteRunner.runTest(SuiteRunner.java:429)
	at org.testng.SuiteRunner.runSequentially(SuiteRunner.java:423)
	at org.testng.SuiteRunner.privateRun(SuiteRunner.java:383)
	at org.testng.SuiteRunner.run(SuiteRunner.java:326)
	at org.testng.SuiteRunnerWorker.runSuite(SuiteRunnerWorker.java:52)
	at org.testng.SuiteRunnerWorker.run(SuiteRunnerWorker.java:95)
	at org.testng.TestNG.runSuitesSequentially(TestNG.java:1249)
	at org.testng.TestNG.runSuitesLocally(TestNG.java:1169)
	at org.testng.TestNG.runSuites(TestNG.java:1092)
	at org.testng.TestNG.run(TestNG.java:1060)
	at com.intellij.rt.testng.IDEARemoteTestNG.run(IDEARemoteTestNG.java:66)
	at com.intellij.rt.testng.RemoteTestNGStarter.main(RemoteTestNGStarter.java:109)
</pre></div></td>
<td>3</td>
<td>uk.co.library.testsuite.JobSearchTest@53f65459</td></tr>
<tr>
<td title='uk.co.library.testsuite.JobSearchTest.verifyJobSearchResultUsingDifferentDataSet()'><b>verifyJobSearchResultUsingDifferentDataSet</b><br>Test class: uk.co.library.testsuite.JobSearchTest<br>Parameters: Tester, Harrow, up to 5 miles, 30000, 500000, Per annum, Permanent, Permanent Tester jobs in Harrow on the Hill<br/>
<a href="#Output-539240764" onClick='toggleBox("Output-539240764", this, "Show output", "Hide output");'>Show output</a>

<a href="#Output-539240764" onClick="toggleAllBoxes();">Show all outputs</a>
<div class='log' id="Output-539240764">
Verify the results [[ChromeDriver: chrome on WINDOWS (d7a7d4cd4d208b6b1c180fbc034700ea)] -> tag name: h1]<br><br/>
</div>
</td>
<td><div><pre>java.lang.AssertionError: expected [Permanent Tester jobs in Harrow on the Hill] but found [Search jobs in your area]
	at uk.co.library.testsuite.JobSearchTest.verifyJobSearchResultUsingDifferentDataSet(JobSearchTest.java:45)
	at java.util.ArrayList.forEach(ArrayList.java:1249)
	at com.intellij.rt.testng.IDEARemoteTestNG.run(IDEARemoteTestNG.java:66)
	at com.intellij.rt.testng.RemoteTestNGStarter.main(RemoteTestNGStarter.java:109)
... Removed 30 stack frames</pre></div><a href='#' onClick='toggleBox("stack-trace539240764", this, "Click to show all stack frames", "Click to hide stack frames")'>Click to show all stack frames</a>
<div class='stack-trace' id='stack-trace539240764'><pre>java.lang.AssertionError: expected [Permanent Tester jobs in Harrow on the Hill] but found [Search jobs in your area]
	at org.testng.Assert.fail(Assert.java:110)
	at org.testng.Assert.failNotEquals(Assert.java:1413)
	at org.testng.Assert.assertEqualsImpl(Assert.java:149)
	at org.testng.Assert.assertEquals(Assert.java:131)
	at org.testng.Assert.assertEquals(Assert.java:655)
	at org.testng.Assert.assertEquals(Assert.java:665)
	at uk.co.library.testsuite.JobSearchTest.verifyJobSearchResultUsingDifferentDataSet(JobSearchTest.java:45)
	at sun.reflect.NativeMethodAccessorImpl.invoke0(Native Method)
	at sun.reflect.NativeMethodAccessorImpl.invoke(NativeMethodAccessorImpl.java:62)
	at sun.reflect.DelegatingMethodAccessorImpl.invoke(DelegatingMethodAccessorImpl.java:43)
	at java.lang.reflect.Method.invoke(Method.java:498)
	at org.testng.internal.invokers.MethodInvocationHelper.invokeMethod(MethodInvocationHelper.java:135)
	at org.testng.internal.invokers.TestInvoker.invokeMethod(TestInvoker.java:673)
	at org.testng.internal.invokers.TestInvoker.invokeTestMethod(TestInvoker.java:220)
	at org.testng.internal.invokers.MethodRunner.runInSequence(MethodRunner.java:50)
	at org.testng.internal.invokers.TestInvoker$MethodInvocationAgent.invoke(TestInvoker.java:945)
	at org.testng.internal.invokers.TestInvoker.invokeTestMethods(TestInvoker.java:193)
	at org.testng.internal.invokers.TestMethodWorker.invokeTestMethods(TestMethodWorker.java:146)
	at org.testng.internal.invokers.TestMethodWorker.run(TestMethodWorker.java:128)
	at java.util.ArrayList.forEach(ArrayList.java:1249)
	at org.testng.TestRunner.privateRun(TestRunner.java:808)
	at org.testng.TestRunner.run(TestRunner.java:603)
	at org.testng.SuiteRunner.runTest(SuiteRunner.java:429)
	at org.testng.SuiteRunner.runSequentially(SuiteRunner.java:423)
	at org.testng.SuiteRunner.privateRun(SuiteRunner.java:383)
	at org.testng.SuiteRunner.run(SuiteRunner.java:326)
	at org.testng.SuiteRunnerWorker.runSuite(SuiteRunnerWorker.java:52)
	at org.testng.SuiteRunnerWorker.run(SuiteRunnerWorker.java:95)
	at org.testng.TestNG.runSuitesSequentially(TestNG.java:1249)
	at org.testng.TestNG.runSuitesLocally(TestNG.java:1169)
	at org.testng.TestNG.runSuites(TestNG.java:1092)
	at org.testng.TestNG.run(TestNG.java:1060)
	at com.intellij.rt.testng.IDEARemoteTestNG.run(IDEARemoteTestNG.java:66)
	at com.intellij.rt.testng.RemoteTestNGStarter.main(RemoteTestNGStarter.java:109)
</pre></div></td>
<td>3</td>
<td>uk.co.library.testsuite.JobSearchTest@53f65459</td></tr>
<tr>
<td title='uk.co.library.testsuite.JobSearchTest.verifyJobSearchResultUsingDifferentDataSet()'><b>verifyJobSearchResultUsingDifferentDataSet</b><br>Test class: uk.co.library.testsuite.JobSearchTest<br>Parameters: Tester, London, up to 25 miles, 45000, 70000, Per month, Any, Tester jobs in London<br/>
<a href="#Output-537483956" onClick='toggleBox("Output-537483956", this, "Show output", "Hide output");'>Show output</a>

<a href="#Output-537483956" onClick="toggleAllBoxes();">Show all outputs</a>
<div class='log' id="Output-537483956">
Verify the results [[ChromeDriver: chrome on WINDOWS (f22d52b372e61ea5725f070c6b2937cb)] -> tag name: h1]<br><br/>
</div>
</td>
<td><div><pre>java.lang.AssertionError: expected [Tester jobs in London] but found [Search jobs in your area]
	at uk.co.library.testsuite.JobSearchTest.verifyJobSearchResultUsingDifferentDataSet(JobSearchTest.java:45)
	at java.util.ArrayList.forEach(ArrayList.java:1249)
	at com.intellij.rt.testng.IDEARemoteTestNG.run(IDEARemoteTestNG.java:66)
	at com.intellij.rt.testng.RemoteTestNGStarter.main(RemoteTestNGStarter.java:109)
... Removed 30 stack frames</pre></div><a href='#' onClick='toggleBox("stack-trace537483956", this, "Click to show all stack frames", "Click to hide stack frames")'>Click to show all stack frames</a>
<div class='stack-trace' id='stack-trace537483956'><pre>java.lang.AssertionError: expected [Tester jobs in London] but found [Search jobs in your area]
	at org.testng.Assert.fail(Assert.java:110)
	at org.testng.Assert.failNotEquals(Assert.java:1413)
	at org.testng.Assert.assertEqualsImpl(Assert.java:149)
	at org.testng.Assert.assertEquals(Assert.java:131)
	at org.testng.Assert.assertEquals(Assert.java:655)
	at org.testng.Assert.assertEquals(Assert.java:665)
	at uk.co.library.testsuite.JobSearchTest.verifyJobSearchResultUsingDifferentDataSet(JobSearchTest.java:45)
	at sun.reflect.NativeMethodAccessorImpl.invoke0(Native Method)
	at sun.reflect.NativeMethodAccessorImpl.invoke(NativeMethodAccessorImpl.java:62)
	at sun.reflect.DelegatingMethodAccessorImpl.invoke(DelegatingMethodAccessorImpl.java:43)
	at java.lang.reflect.Method.invoke(Method.java:498)
	at org.testng.internal.invokers.MethodInvocationHelper.invokeMethod(MethodInvocationHelper.java:135)
	at org.testng.internal.invokers.TestInvoker.invokeMethod(TestInvoker.java:673)
	at org.testng.internal.invokers.TestInvoker.invokeTestMethod(TestInvoker.java:220)
	at org.testng.internal.invokers.MethodRunner.runInSequence(MethodRunner.java:50)
	at org.testng.internal.invokers.TestInvoker$MethodInvocationAgent.invoke(TestInvoker.java:945)
	at org.testng.internal.invokers.TestInvoker.invokeTestMethods(TestInvoker.java:193)
	at org.testng.internal.invokers.TestMethodWorker.invokeTestMethods(TestMethodWorker.java:146)
	at org.testng.internal.invokers.TestMethodWorker.run(TestMethodWorker.java:128)
	at java.util.ArrayList.forEach(ArrayList.java:1249)
	at org.testng.TestRunner.privateRun(TestRunner.java:808)
	at org.testng.TestRunner.run(TestRunner.java:603)
	at org.testng.SuiteRunner.runTest(SuiteRunner.java:429)
	at org.testng.SuiteRunner.runSequentially(SuiteRunner.java:423)
	at org.testng.SuiteRunner.privateRun(SuiteRunner.java:383)
	at org.testng.SuiteRunner.run(SuiteRunner.java:326)
	at org.testng.SuiteRunnerWorker.runSuite(SuiteRunnerWorker.java:52)
	at org.testng.SuiteRunnerWorker.run(SuiteRunnerWorker.java:95)
	at org.testng.TestNG.runSuitesSequentially(TestNG.java:1249)
	at org.testng.TestNG.runSuitesLocally(TestNG.java:1169)
	at org.testng.TestNG.runSuites(TestNG.java:1092)
	at org.testng.TestNG.run(TestNG.java:1060)
	at com.intellij.rt.testng.IDEARemoteTestNG.run(IDEARemoteTestNG.java:66)
	at com.intellij.rt.testng.RemoteTestNGStarter.main(RemoteTestNGStarter.java:109)
</pre></div></td>
<td>3</td>
<td>uk.co.library.testsuite.JobSearchTest@53f65459</td></tr>
</table><p>
<table width='100%' border='1' class='invocation-passed'>
<tr><td colspan='4' align='center'><b>PASSED TESTS</b></td></tr>
<tr><td><b>Test method</b></td>
<td width="30%"><b>Exception</b></td>
<td width="10%"><b>Time (seconds)</b></td>
<td><b>Instance</b></td>
</tr>
<tr>
<td title='uk.co.library.testsuite.JobSearchTest.verifyJobSearchResultUsingDifferentDataSet()'><b>verifyJobSearchResultUsingDifferentDataSet</b><br>Test class: uk.co.library.testsuite.JobSearchTest<br>Parameters: Nurse, Glasgow, Glasgow City, up to 15 miles, 45000, 70000, Per month, Any, Nurse jobs in Glasgow<br/>
<a href="#Output-734275312" onClick='toggleBox("Output-734275312", this, "Show output", "Hide output");'>Show output</a>

<a href="#Output-734275312" onClick="toggleAllBoxes();">Show all outputs</a>
<div class='log' id="Output-734275312">
Verify the results [[ChromeDriver: chrome on WINDOWS (156c5363b6e6bf21a6f3631e1e0ad106)] -> tag name: h1]<br><br/>
</div>
</td>
<td></td>
<td>13</td>
<td>uk.co.library.testsuite.JobSearchTest@53f65459</td></tr>
<tr>
<td title='uk.co.library.testsuite.JobSearchTest.verifyJobSearchResultUsingDifferentDataSet()'><b>verifyJobSearchResultUsingDifferentDataSet</b><br>Test class: uk.co.library.testsuite.JobSearchTest<br>Parameters: Internal Sales Executive, Edmonton, Greater London, up to 25 miles, 35000, 70000, Per month, Any, Internal Sales Executive jobs in Edmonton<br/>
<a href="#Output-2100487956" onClick='toggleBox("Output-2100487956", this, "Show output", "Hide output");'>Show output</a>

<a href="#Output-2100487956" onClick="toggleAllBoxes();">Show all outputs</a>
<div class='log' id="Output-2100487956">
Verify the results [[ChromeDriver: chrome on WINDOWS (aaaf0920968c221615b905bf14031e4e)] -> tag name: h1]<br><br/>
</div>
</td>
<td></td>
<td>7</td>
<td>uk.co.library.testsuite.JobSearchTest@53f65459</td></tr>
<tr>
<td title='uk.co.library.testsuite.JobSearchTest.verifyJobSearchResultUsingDifferentDataSet()'><b>verifyJobSearchResultUsingDifferentDataSet</b><br>Test class: uk.co.library.testsuite.JobSearchTest<br>Parameters: Driver, Harrow Green, Suffolk, up to 35 miles, 25000, 45000, Per month, Any, Driver jobs in Harrow Green<br/>
<a href="#Output-449074057" onClick='toggleBox("Output-449074057", this, "Show output", "Hide output");'>Show output</a>

<a href="#Output-449074057" onClick="toggleAllBoxes();">Show all outputs</a>
<div class='log' id="Output-449074057">
Verify the results [[ChromeDriver: chrome on WINDOWS (c8abc387e516c2013d114adccd0ebb93)] -> tag name: h1]<br><br/>
</div>
</td>
<td></td>
<td>7</td>
<td>uk.co.library.testsuite.JobSearchTest@53f65459</td></tr>
</table><p>
</body>
</html>